[debug] [2020-01-02T08:04:51.700Z] ----------------------------------------------------------------------
[debug] [2020-01-02T08:04:51.702Z] Command:       C:\Program Files\nodejs\node.exe C:\Users\shubh\AppData\Roaming\npm\node_modules\firebase-tools\lib\bin\firebase.js init
[debug] [2020-01-02T08:04:51.702Z] CLI Version:   7.11.0
[debug] [2020-01-02T08:04:51.702Z] Platform:      win32
[debug] [2020-01-02T08:04:51.702Z] Node Version:  v12.8.0
[debug] [2020-01-02T08:04:51.702Z] Time:          Thu Jan 02 2020 13:34:51 GMT+0530 (India Standard Time)
[debug] [2020-01-02T08:04:51.703Z] ----------------------------------------------------------------------
[debug] [2020-01-02T08:04:51.703Z] 
[debug] [2020-01-02T08:04:51.710Z] > command requires scopes: ["email","openid","https://www.googleapis.com/auth/cloudplatformprojects.readonly","https://www.googleapis.com/auth/firebase","https://www.googleapis.com/auth/cloud-platform"]
[debug] [2020-01-02T08:04:51.711Z] > authorizing via signed-in user
[info] 
     ######## #### ########  ######## ########     ###     ######  ########
     ##        ##  ##     ## ##       ##     ##  ##   ##  ##       ##
     ######    ##  ########  ######   ########  #########  ######  ######
     ##        ##  ##    ##  ##       ##     ## ##     ##       ## ##
     ##       #### ##     ## ######## ########  ##     ##  ######  ########

You're about to initialize a Firebase project in this directory:

  D:\Work\typescript-demo\ts-ejam-demo

Before we get started, keep in mind:

  * You are initializing in an existing Firebase project directory

[info] 
=== Project Setup
[info] 
[info] First, let's associate this project directory with a Firebase project.
[info] You can create multiple project aliases by running firebase use --add, 
[info] but for now we'll just set up a default project.
[info] 
[info] i  .firebaserc already has a default project, using weather-app-ef3c5.
[debug] [2020-01-02T08:05:05.862Z] >>> HTTP REQUEST GET https://firebase.googleapis.com/v1beta1/projects/weather-app-ef3c5  
 
[debug] [2020-01-02T08:05:06.360Z] <<< HTTP RESPONSE 200
[info] 
=== Functions Setup
[info] 
[info] A functions directory will be created in your project with a Node.js
[info] package pre-configured. Functions can be deployed with firebase deploy.
[info] 
[debug] [2020-01-02T08:05:06.370Z] > command requires scopes: ["email","openid","https://www.googleapis.com/auth/cloudplatformprojects.readonly","https://www.googleapis.com/auth/firebase","https://www.googleapis.com/auth/cloud-platform"]
[debug] [2020-01-02T08:05:06.371Z] > authorizing via signed-in user
[debug] [2020-01-02T08:05:06.372Z] [iam] checking project weather-app-ef3c5 for permissions ["firebase.projects.get"]
[debug] [2020-01-02T08:05:06.372Z] >>> HTTP REQUEST POST https://cloudresourcemanager.googleapis.com/v1/projects/weather-app-ef3c5:testIamPermissions  

[debug] [2020-01-02T08:05:08.055Z] <<< HTTP RESPONSE 200
[debug] [2020-01-02T08:05:08.056Z] >>> HTTP REQUEST POST https://serviceusage.googleapis.com/v1/projects/weather-app-ef3c5/services/cloudfunctions.googleapis.com:enable  
 
[debug] [2020-01-02T08:05:08.056Z] >>> HTTP REQUEST POST https://serviceusage.googleapis.com/v1/projects/weather-app-ef3c5/services/runtimeconfig.googleapis.com:enable  
 
[debug] [2020-01-02T08:05:10.174Z] <<< HTTP RESPONSE 200
[debug] [2020-01-02T08:05:10.233Z] <<< HTTP RESPONSE 200
